[2024-11-14T04:02:29.507+0000] {processor.py:161} INFO - Started process (PID=31310) to work on /opt/airflow/dags/ModelDevelopment/Training/XGBoost.py
[2024-11-14T04:02:29.507+0000] {processor.py:830} INFO - Processing file /opt/airflow/dags/ModelDevelopment/Training/XGBoost.py for tasks to queue
[2024-11-14T04:02:29.517+0000] {logging_mixin.py:188} INFO - [2024-11-14T04:02:29.516+0000] {dagbag.py:545} INFO - Filling up the DagBag from /opt/airflow/dags/ModelDevelopment/Training/XGBoost.py
[2024-11-14T04:02:30.823+0000] {processor.py:842} WARNING - No viable dags retrieved from /opt/airflow/dags/ModelDevelopment/Training/XGBoost.py
[2024-11-14T04:02:30.833+0000] {processor.py:183} INFO - Processing /opt/airflow/dags/ModelDevelopment/Training/XGBoost.py took 1.334 seconds
[2024-11-14T04:03:01.140+0000] {processor.py:161} INFO - Started process (PID=31410) to work on /opt/airflow/dags/ModelDevelopment/Training/XGBoost.py
[2024-11-14T04:03:01.140+0000] {processor.py:830} INFO - Processing file /opt/airflow/dags/ModelDevelopment/Training/XGBoost.py for tasks to queue
[2024-11-14T04:03:01.145+0000] {logging_mixin.py:188} INFO - [2024-11-14T04:03:01.144+0000] {dagbag.py:545} INFO - Filling up the DagBag from /opt/airflow/dags/ModelDevelopment/Training/XGBoost.py
[2024-11-14T04:03:03.637+0000] {processor.py:842} WARNING - No viable dags retrieved from /opt/airflow/dags/ModelDevelopment/Training/XGBoost.py
[2024-11-14T04:03:03.659+0000] {processor.py:183} INFO - Processing /opt/airflow/dags/ModelDevelopment/Training/XGBoost.py took 2.541 seconds
[2024-11-14T04:03:34.037+0000] {processor.py:161} INFO - Started process (PID=31510) to work on /opt/airflow/dags/ModelDevelopment/Training/XGBoost.py
[2024-11-14T04:03:34.038+0000] {processor.py:830} INFO - Processing file /opt/airflow/dags/ModelDevelopment/Training/XGBoost.py for tasks to queue
[2024-11-14T04:03:34.042+0000] {logging_mixin.py:188} INFO - [2024-11-14T04:03:34.042+0000] {dagbag.py:545} INFO - Filling up the DagBag from /opt/airflow/dags/ModelDevelopment/Training/XGBoost.py
[2024-11-14T04:03:35.427+0000] {processor.py:842} WARNING - No viable dags retrieved from /opt/airflow/dags/ModelDevelopment/Training/XGBoost.py
[2024-11-14T04:03:35.459+0000] {processor.py:183} INFO - Processing /opt/airflow/dags/ModelDevelopment/Training/XGBoost.py took 1.434 seconds
[2024-11-14T04:04:05.778+0000] {processor.py:161} INFO - Started process (PID=31610) to work on /opt/airflow/dags/ModelDevelopment/Training/XGBoost.py
[2024-11-14T04:04:05.779+0000] {processor.py:830} INFO - Processing file /opt/airflow/dags/ModelDevelopment/Training/XGBoost.py for tasks to queue
[2024-11-14T04:04:05.781+0000] {logging_mixin.py:188} INFO - [2024-11-14T04:04:05.781+0000] {dagbag.py:545} INFO - Filling up the DagBag from /opt/airflow/dags/ModelDevelopment/Training/XGBoost.py
[2024-11-14T04:04:07.122+0000] {processor.py:842} WARNING - No viable dags retrieved from /opt/airflow/dags/ModelDevelopment/Training/XGBoost.py
[2024-11-14T04:04:07.136+0000] {processor.py:183} INFO - Processing /opt/airflow/dags/ModelDevelopment/Training/XGBoost.py took 1.367 seconds
